<?xml version="1.0" encoding="UTF-8"?>
<testsuite name="rebellion.RebellionTest" tests="100" skipped="0" failures="0" errors="0" timestamp="2020-02-25T21:33:35" hostname="M1617439" time="0.067">
  <properties/>
  <testcase name="testRebellionActions[0]" classname="rebellion.RebellionTest" time="0.041"/>
  <testcase name="testFocusCheck[0]" classname="rebellion.RebellionTest" time="0.001"/>
  <testcase name="testRank[0]" classname="rebellion.RebellionTest" time="0.0"/>
  <testcase name="testMaxTeams[0]" classname="rebellion.RebellionTest" time="0.0"/>
  <testcase name="testSecondaryCheck[0]" classname="rebellion.RebellionTest" time="0.0"/>
  <testcase name="testRebellionActions[1]" classname="rebellion.RebellionTest" time="0.0"/>
  <testcase name="testFocusCheck[1]" classname="rebellion.RebellionTest" time="0.0"/>
  <testcase name="testRank[1]" classname="rebellion.RebellionTest" time="0.0"/>
  <testcase name="testMaxTeams[1]" classname="rebellion.RebellionTest" time="0.0"/>
  <testcase name="testSecondaryCheck[1]" classname="rebellion.RebellionTest" time="0.0"/>
  <testcase name="testRebellionActions[2]" classname="rebellion.RebellionTest" time="0.0"/>
  <testcase name="testFocusCheck[2]" classname="rebellion.RebellionTest" time="0.0"/>
  <testcase name="testRank[2]" classname="rebellion.RebellionTest" time="0.001"/>
  <testcase name="testMaxTeams[2]" classname="rebellion.RebellionTest" time="0.0"/>
  <testcase name="testSecondaryCheck[2]" classname="rebellion.RebellionTest" time="0.0"/>
  <testcase name="testRebellionActions[3]" classname="rebellion.RebellionTest" time="0.0"/>
  <testcase name="testFocusCheck[3]" classname="rebellion.RebellionTest" time="0.0"/>
  <testcase name="testRank[3]" classname="rebellion.RebellionTest" time="0.0"/>
  <testcase name="testMaxTeams[3]" classname="rebellion.RebellionTest" time="0.001"/>
  <testcase name="testSecondaryCheck[3]" classname="rebellion.RebellionTest" time="0.0"/>
  <testcase name="testRebellionActions[4]" classname="rebellion.RebellionTest" time="0.0"/>
  <testcase name="testFocusCheck[4]" classname="rebellion.RebellionTest" time="0.0"/>
  <testcase name="testRank[4]" classname="rebellion.RebellionTest" time="0.001"/>
  <testcase name="testMaxTeams[4]" classname="rebellion.RebellionTest" time="0.0"/>
  <testcase name="testSecondaryCheck[4]" classname="rebellion.RebellionTest" time="0.0"/>
  <testcase name="testRebellionActions[5]" classname="rebellion.RebellionTest" time="0.0"/>
  <testcase name="testFocusCheck[5]" classname="rebellion.RebellionTest" time="0.001"/>
  <testcase name="testRank[5]" classname="rebellion.RebellionTest" time="0.0"/>
  <testcase name="testMaxTeams[5]" classname="rebellion.RebellionTest" time="0.0"/>
  <testcase name="testSecondaryCheck[5]" classname="rebellion.RebellionTest" time="0.0"/>
  <testcase name="testRebellionActions[6]" classname="rebellion.RebellionTest" time="0.001"/>
  <testcase name="testFocusCheck[6]" classname="rebellion.RebellionTest" time="0.0"/>
  <testcase name="testRank[6]" classname="rebellion.RebellionTest" time="0.0"/>
  <testcase name="testMaxTeams[6]" classname="rebellion.RebellionTest" time="0.0"/>
  <testcase name="testSecondaryCheck[6]" classname="rebellion.RebellionTest" time="0.0"/>
  <testcase name="testRebellionActions[7]" classname="rebellion.RebellionTest" time="0.0"/>
  <testcase name="testFocusCheck[7]" classname="rebellion.RebellionTest" time="0.0"/>
  <testcase name="testRank[7]" classname="rebellion.RebellionTest" time="0.0"/>
  <testcase name="testMaxTeams[7]" classname="rebellion.RebellionTest" time="0.0"/>
  <testcase name="testSecondaryCheck[7]" classname="rebellion.RebellionTest" time="0.0"/>
  <testcase name="testRebellionActions[8]" classname="rebellion.RebellionTest" time="0.0"/>
  <testcase name="testFocusCheck[8]" classname="rebellion.RebellionTest" time="0.0"/>
  <testcase name="testRank[8]" classname="rebellion.RebellionTest" time="0.0"/>
  <testcase name="testMaxTeams[8]" classname="rebellion.RebellionTest" time="0.0"/>
  <testcase name="testSecondaryCheck[8]" classname="rebellion.RebellionTest" time="0.0"/>
  <testcase name="testRebellionActions[9]" classname="rebellion.RebellionTest" time="0.0"/>
  <testcase name="testFocusCheck[9]" classname="rebellion.RebellionTest" time="0.0"/>
  <testcase name="testRank[9]" classname="rebellion.RebellionTest" time="0.0"/>
  <testcase name="testMaxTeams[9]" classname="rebellion.RebellionTest" time="0.0"/>
  <testcase name="testSecondaryCheck[9]" classname="rebellion.RebellionTest" time="0.0"/>
  <testcase name="testRebellionActions[10]" classname="rebellion.RebellionTest" time="0.0"/>
  <testcase name="testFocusCheck[10]" classname="rebellion.RebellionTest" time="0.0"/>
  <testcase name="testRank[10]" classname="rebellion.RebellionTest" time="0.0"/>
  <testcase name="testMaxTeams[10]" classname="rebellion.RebellionTest" time="0.0"/>
  <testcase name="testSecondaryCheck[10]" classname="rebellion.RebellionTest" time="0.0"/>
  <testcase name="testRebellionActions[11]" classname="rebellion.RebellionTest" time="0.0"/>
  <testcase name="testFocusCheck[11]" classname="rebellion.RebellionTest" time="0.0"/>
  <testcase name="testRank[11]" classname="rebellion.RebellionTest" time="0.0"/>
  <testcase name="testMaxTeams[11]" classname="rebellion.RebellionTest" time="0.0"/>
  <testcase name="testSecondaryCheck[11]" classname="rebellion.RebellionTest" time="0.001"/>
  <testcase name="testRebellionActions[12]" classname="rebellion.RebellionTest" time="0.0"/>
  <testcase name="testFocusCheck[12]" classname="rebellion.RebellionTest" time="0.0"/>
  <testcase name="testRank[12]" classname="rebellion.RebellionTest" time="0.0"/>
  <testcase name="testMaxTeams[12]" classname="rebellion.RebellionTest" time="0.0"/>
  <testcase name="testSecondaryCheck[12]" classname="rebellion.RebellionTest" time="0.0"/>
  <testcase name="testRebellionActions[13]" classname="rebellion.RebellionTest" time="0.0"/>
  <testcase name="testFocusCheck[13]" classname="rebellion.RebellionTest" time="0.0"/>
  <testcase name="testRank[13]" classname="rebellion.RebellionTest" time="0.0"/>
  <testcase name="testMaxTeams[13]" classname="rebellion.RebellionTest" time="0.001"/>
  <testcase name="testSecondaryCheck[13]" classname="rebellion.RebellionTest" time="0.0"/>
  <testcase name="testRebellionActions[14]" classname="rebellion.RebellionTest" time="0.0"/>
  <testcase name="testFocusCheck[14]" classname="rebellion.RebellionTest" time="0.0"/>
  <testcase name="testRank[14]" classname="rebellion.RebellionTest" time="0.0"/>
  <testcase name="testMaxTeams[14]" classname="rebellion.RebellionTest" time="0.0"/>
  <testcase name="testSecondaryCheck[14]" classname="rebellion.RebellionTest" time="0.0"/>
  <testcase name="testRebellionActions[15]" classname="rebellion.RebellionTest" time="0.0"/>
  <testcase name="testFocusCheck[15]" classname="rebellion.RebellionTest" time="0.0"/>
  <testcase name="testRank[15]" classname="rebellion.RebellionTest" time="0.0"/>
  <testcase name="testMaxTeams[15]" classname="rebellion.RebellionTest" time="0.0"/>
  <testcase name="testSecondaryCheck[15]" classname="rebellion.RebellionTest" time="0.0"/>
  <testcase name="testRebellionActions[16]" classname="rebellion.RebellionTest" time="0.0"/>
  <testcase name="testFocusCheck[16]" classname="rebellion.RebellionTest" time="0.0"/>
  <testcase name="testRank[16]" classname="rebellion.RebellionTest" time="0.0"/>
  <testcase name="testMaxTeams[16]" classname="rebellion.RebellionTest" time="0.0"/>
  <testcase name="testSecondaryCheck[16]" classname="rebellion.RebellionTest" time="0.0"/>
  <testcase name="testRebellionActions[17]" classname="rebellion.RebellionTest" time="0.0"/>
  <testcase name="testFocusCheck[17]" classname="rebellion.RebellionTest" time="0.0"/>
  <testcase name="testRank[17]" classname="rebellion.RebellionTest" time="0.0"/>
  <testcase name="testMaxTeams[17]" classname="rebellion.RebellionTest" time="0.0"/>
  <testcase name="testSecondaryCheck[17]" classname="rebellion.RebellionTest" time="0.001"/>
  <testcase name="testRebellionActions[18]" classname="rebellion.RebellionTest" time="0.0"/>
  <testcase name="testFocusCheck[18]" classname="rebellion.RebellionTest" time="0.0"/>
  <testcase name="testRank[18]" classname="rebellion.RebellionTest" time="0.0"/>
  <testcase name="testMaxTeams[18]" classname="rebellion.RebellionTest" time="0.0"/>
  <testcase name="testSecondaryCheck[18]" classname="rebellion.RebellionTest" time="0.0"/>
  <testcase name="testRebellionActions[19]" classname="rebellion.RebellionTest" time="0.0"/>
  <testcase name="testFocusCheck[19]" classname="rebellion.RebellionTest" time="0.0"/>
  <testcase name="testRank[19]" classname="rebellion.RebellionTest" time="0.0"/>
  <testcase name="testMaxTeams[19]" classname="rebellion.RebellionTest" time="0.0"/>
  <testcase name="testSecondaryCheck[19]" classname="rebellion.RebellionTest" time="0.0"/>
  <system-out><![CDATA[]]></system-out>
  <system-err><![CDATA[]]></system-err>
</testsuite>
